Determining if the pthread_create exist failed with the following output:
Change Dir: /home/ww/smart/camera_all/build/CMakeFiles/CMakeTmp

Run Build Command:"/usr/bin/make" "cmTC_c0abb/fast"
/usr/bin/make -f CMakeFiles/cmTC_c0abb.dir/build.make CMakeFiles/cmTC_c0abb.dir/build
make[1]: 进入目录“/home/ww/smart/camera_all/build/CMakeFiles/CMakeTmp”
Building C object CMakeFiles/cmTC_c0abb.dir/CheckSymbolExists.c.o
/usr/bin/x86_64-linux-gnu-gcc-7    -o CMakeFiles/cmTC_c0abb.dir/CheckSymbolExists.c.o   -c /home/ww/smart/camera_all/build/CMakeFiles/CMakeTmp/CheckSymbolExists.c
Linking C executable cmTC_c0abb
/usr/bin/cmake -E cmake_link_script CMakeFiles/cmTC_c0abb.dir/link.txt --verbose=1
/usr/bin/x86_64-linux-gnu-gcc-7      -rdynamic CMakeFiles/cmTC_c0abb.dir/CheckSymbolExists.c.o  -o cmTC_c0abb 
CMakeFiles/cmTC_c0abb.dir/CheckSymbolExists.c.o：在函数‘main’中：
CheckSymbolExists.c:(.text+0x1b)：对‘pthread_create’未定义的引用
collect2: error: ld returned 1 exit status
CMakeFiles/cmTC_c0abb.dir/build.make:97: recipe for target 'cmTC_c0abb' failed
make[1]: *** [cmTC_c0abb] Error 1
make[1]: 离开目录“/home/ww/smart/camera_all/build/CMakeFiles/CMakeTmp”
Makefile:126: recipe for target 'cmTC_c0abb/fast' failed
make: *** [cmTC_c0abb/fast] Error 2

File /home/ww/smart/camera_all/build/CMakeFiles/CMakeTmp/CheckSymbolExists.c:
/* */
#include <pthread.h>

int main(int argc, char** argv)
{
  (void)argv;
#ifndef pthread_create
  return ((int*)(&pthread_create))[argc];
#else
  (void)argc;
  return 0;
#endif
}

Determining if the function pthread_create exists in the pthreads failed with the following output:
Change Dir: /home/ww/smart/camera_all/build/CMakeFiles/CMakeTmp

Run Build Command:"/usr/bin/make" "cmTC_118a0/fast"
/usr/bin/make -f CMakeFiles/cmTC_118a0.dir/build.make CMakeFiles/cmTC_118a0.dir/build
make[1]: 进入目录“/home/ww/smart/camera_all/build/CMakeFiles/CMakeTmp”
Building C object CMakeFiles/cmTC_118a0.dir/CheckFunctionExists.c.o
/usr/bin/x86_64-linux-gnu-gcc-7   -DCHECK_FUNCTION_EXISTS=pthread_create   -o CMakeFiles/cmTC_118a0.dir/CheckFunctionExists.c.o   -c /usr/share/cmake-3.10/Modules/CheckFunctionExists.c
Linking C executable cmTC_118a0
/usr/bin/cmake -E cmake_link_script CMakeFiles/cmTC_118a0.dir/link.txt --verbose=1
/usr/bin/x86_64-linux-gnu-gcc-7  -DCHECK_FUNCTION_EXISTS=pthread_create    -rdynamic CMakeFiles/cmTC_118a0.dir/CheckFunctionExists.c.o  -o cmTC_118a0 -lpthreads 
/usr/bin/ld: 找不到 -lpthreads
collect2: error: ld returned 1 exit status
CMakeFiles/cmTC_118a0.dir/build.make:97: recipe for target 'cmTC_118a0' failed
make[1]: *** [cmTC_118a0] Error 1
make[1]: 离开目录“/home/ww/smart/camera_all/build/CMakeFiles/CMakeTmp”
Makefile:126: recipe for target 'cmTC_118a0/fast' failed
make: *** [cmTC_118a0/fast] Error 2


Determining if the pthread_create exist failed with the following output:
Change Dir: /home/ww/smart/camera_all/build/CMakeFiles/CMakeTmp

Run Build Command:"/usr/bin/make" "cmTC_59407/fast"
/usr/bin/make -f CMakeFiles/cmTC_59407.dir/build.make CMakeFiles/cmTC_59407.dir/build
make[1]: 进入目录“/home/ww/smart/camera_all/build/CMakeFiles/CMakeTmp”
Building C object CMakeFiles/cmTC_59407.dir/CheckSymbolExists.c.o
/usr/bin/x86_64-linux-gnu-gcc-7    -o CMakeFiles/cmTC_59407.dir/CheckSymbolExists.c.o   -c /home/ww/smart/camera_all/build/CMakeFiles/CMakeTmp/CheckSymbolExists.c
Linking C executable cmTC_59407
/usr/bin/cmake -E cmake_link_script CMakeFiles/cmTC_59407.dir/link.txt --verbose=1
/usr/bin/x86_64-linux-gnu-gcc-7      -rdynamic CMakeFiles/cmTC_59407.dir/CheckSymbolExists.c.o  -o cmTC_59407 
CMakeFiles/cmTC_59407.dir/CheckSymbolExists.c.o：在函数‘main’中：
CheckSymbolExists.c:(.text+0x1b)：对‘pthread_create’未定义的引用
collect2: error: ld returned 1 exit status
CMakeFiles/cmTC_59407.dir/build.make:97: recipe for target 'cmTC_59407' failed
make[1]: *** [cmTC_59407] Error 1
make[1]: 离开目录“/home/ww/smart/camera_all/build/CMakeFiles/CMakeTmp”
Makefile:126: recipe for target 'cmTC_59407/fast' failed
make: *** [cmTC_59407/fast] Error 2

File /home/ww/smart/camera_all/build/CMakeFiles/CMakeTmp/CheckSymbolExists.c:
/* */
#include <pthread.h>

int main(int argc, char** argv)
{
  (void)argv;
#ifndef pthread_create
  return ((int*)(&pthread_create))[argc];
#else
  (void)argc;
  return 0;
#endif
}

Determining if the function pthread_create exists in the pthreads failed with the following output:
Change Dir: /home/ww/smart/camera_all/build/CMakeFiles/CMakeTmp

Run Build Command:"/usr/bin/make" "cmTC_0488e/fast"
/usr/bin/make -f CMakeFiles/cmTC_0488e.dir/build.make CMakeFiles/cmTC_0488e.dir/build
make[1]: 进入目录“/home/ww/smart/camera_all/build/CMakeFiles/CMakeTmp”
Building C object CMakeFiles/cmTC_0488e.dir/CheckFunctionExists.c.o
/usr/bin/x86_64-linux-gnu-gcc-7   -DCHECK_FUNCTION_EXISTS=pthread_create   -o CMakeFiles/cmTC_0488e.dir/CheckFunctionExists.c.o   -c /usr/share/cmake-3.10/Modules/CheckFunctionExists.c
Linking C executable cmTC_0488e
/usr/bin/cmake -E cmake_link_script CMakeFiles/cmTC_0488e.dir/link.txt --verbose=1
/usr/bin/x86_64-linux-gnu-gcc-7  -DCHECK_FUNCTION_EXISTS=pthread_create    -rdynamic CMakeFiles/cmTC_0488e.dir/CheckFunctionExists.c.o  -o cmTC_0488e -lpthreads 
/usr/bin/ld: 找不到 -lpthreads
collect2: error: ld returned 1 exit status
CMakeFiles/cmTC_0488e.dir/build.make:97: recipe for target 'cmTC_0488e' failed
make[1]: *** [cmTC_0488e] Error 1
make[1]: 离开目录“/home/ww/smart/camera_all/build/CMakeFiles/CMakeTmp”
Makefile:126: recipe for target 'cmTC_0488e/fast' failed
make: *** [cmTC_0488e/fast] Error 2


